<?xml version="1.0" encoding="UTF-8"?>
<testng-results skipped="0" failed="0" total="2" passed="2">
  <reporter-output>
  </reporter-output>
  <suite name="Default suite" duration-ms="44" started-at="2020-05-03T06:49:14Z" finished-at="2020-05-03T06:49:14Z">
    <groups>
    </groups>
    <test name="Default test" duration-ms="44" started-at="2020-05-03T06:49:14Z" finished-at="2020-05-03T06:49:14Z">
      <class name="javapractice.Testng_Exa">
        <test-method status="PASS" signature="openApplication()[pri:0, instance:javapractice.Testng_Exa@221af3c0]" name="openApplication" is-config="true" duration-ms="10" started-at="2020-05-03T12:19:14Z" finished-at="2020-05-03T12:19:14Z">
          <reporter-output>
          </reporter-output>
        </test-method> <!-- openApplication -->
        <test-method status="PASS" signature="testing()[pri:0, instance:javapractice.Testng_Exa@221af3c0]" name="testing" duration-ms="7" started-at="2020-05-03T12:19:14Z" finished-at="2020-05-03T12:19:14Z">
          <reporter-output>
          </reporter-output>
        </test-method> <!-- testing -->
        <test-method status="PASS" signature="testing1111()[pri:0, instance:javapractice.Testng_Exa@221af3c0]" name="testing1111" duration-ms="4" started-at="2020-05-03T12:19:14Z" finished-at="2020-05-03T12:19:14Z">
          <reporter-output>
          </reporter-output>
        </test-method> <!-- testing1111 -->
        <test-method status="PASS" signature="closed()[pri:0, instance:javapractice.Testng_Exa@221af3c0]" name="closed" is-config="true" duration-ms="0" started-at="2020-05-03T12:19:14Z" finished-at="2020-05-03T12:19:14Z">
          <reporter-output>
          </reporter-output>
        </test-method> <!-- closed -->
      </class> <!-- javapractice.Testng_Exa -->
    </test> <!-- Default test -->
  </suite> <!-- Default suite -->
</testng-results>
